{"C:\\Users\\aleji\\git\\taller-expres\\express\\src\\index.ts": {"path":"C:\\Users\\aleji\\git\\taller-expres\\express\\src\\index.ts","statementMap":{"0":{"start":{"line":1,"column":0},"end":{"line":1,"column":41}},"1":{"start":{"line":2,"column":0},"end":{"line":2,"column":49}},"2":{"start":{"line":3,"column":0},"end":{"line":3,"column":40}},"3":{"start":{"line":6,"column":13},"end":{"line":6,"column":38}},"4":{"start":{"line":8,"column":20},"end":{"line":8,"column":24}},"5":{"start":{"line":10,"column":0},"end":{"line":10,"column":47}},"6":{"start":{"line":11,"column":0},"end":{"line":11,"column":24}},"7":{"start":{"line":12,"column":0},"end":{"line":12,"column":29}},"8":{"start":{"line":14,"column":0},"end":{"line":18,"column":null}},"9":{"start":{"line":15,"column":4},"end":{"line":17,"column":null}},"10":{"start":{"line":16,"column":8},"end":{"line":16,"column":57}}},"fnMap":{"0":{"name":"(anonymous_1)","decl":{"start":{"line":14,"column":8},"end":{"line":14,"column":10}},"loc":{"start":{"line":14,"column":12},"end":{"line":18,"column":1}}},"1":{"name":"(anonymous_2)","decl":{"start":{"line":15,"column":32},"end":{"line":15,"column":34}},"loc":{"start":{"line":15,"column":36},"end":{"line":17,"column":5}}}},"branchMap":{},"s":{"0":1,"1":1,"2":1,"3":1,"4":1,"5":1,"6":1,"7":1,"8":1,"9":1,"10":1},"f":{"0":1,"1":1},"b":{}}
,"C:\\Users\\aleji\\git\\taller-expres\\express\\src\\controllers\\auth.controller.ts": {"path":"C:\\Users\\aleji\\git\\taller-expres\\express\\src\\controllers\\auth.controller.ts","statementMap":{"0":{"start":{"line":2,"column":0},"end":{"line":2,"column":59}},"1":{"start":{"line":14,"column":7},"end":{"line":37,"column":8}},"2":{"start":{"line":15,"column":45},"end":{"line":15,"column":90}},"3":{"start":{"line":16,"column":12},"end":{"line":19,"column":13}},"4":{"start":{"line":17,"column":16},"end":{"line":17,"column":86}},"5":{"start":{"line":18,"column":16},"end":{"line":18,"column":23}},"6":{"start":{"line":20,"column":28},"end":{"line":20,"column":100}},"7":{"start":{"line":22,"column":12},"end":{"line":26,"column":13}},"8":{"start":{"line":23,"column":16},"end":{"line":25,"column":19}},"9":{"start":{"line":27,"column":26},"end":{"line":27,"column":93}},"10":{"start":{"line":28,"column":12},"end":{"line":31,"column":null}},"11":{"start":{"line":34,"column":8},"end":{"line":36,"column":null}},"12":{"start":{"line":40,"column":13},"end":{"line":40,"column":51}}},"fnMap":{"0":{"name":"(anonymous_7)","decl":{"start":{"line":7,"column":10},"end":{"line":7,"column":15}},"loc":{"start":{"line":7,"column":43},"end":{"line":38,"column":null}}}},"branchMap":{"0":{"loc":{"start":{"line":16,"column":12},"end":{"line":19,"column":13}},"type":"if","locations":[{"start":{"line":16,"column":12},"end":{"line":19,"column":13}}]},"1":{"loc":{"start":{"line":22,"column":12},"end":{"line":26,"column":13}},"type":"if","locations":[{"start":{"line":22,"column":12},"end":{"line":26,"column":13}}]}},"s":{"0":1,"1":0,"2":0,"3":0,"4":0,"5":0,"6":0,"7":0,"8":0,"9":0,"10":0,"11":0,"12":1},"f":{"0":0},"b":{"0":[0],"1":[0]}}
,"C:\\Users\\aleji\\git\\taller-expres\\express\\src\\controllers\\index.ts": {"path":"C:\\Users\\aleji\\git\\taller-expres\\express\\src\\controllers\\index.ts","statementMap":{"0":{"start":{"line":1,"column":0},"end":{"line":1,"column":34}},"1":{"start":{"line":2,"column":0},"end":{"line":2,"column":34}}},"fnMap":{},"branchMap":{},"s":{"0":1,"1":1},"f":{},"b":{}}
,"C:\\Users\\aleji\\git\\taller-expres\\express\\src\\controllers\\user.controller.ts": {"path":"C:\\Users\\aleji\\git\\taller-expres\\express\\src\\controllers\\user.controller.ts","statementMap":{"0":{"start":{"line":2,"column":0},"end":{"line":2,"column":59}},"1":{"start":{"line":8,"column":8},"end":{"line":21,"column":9}},"2":{"start":{"line":9,"column":52},"end":{"line":9,"column":97}},"3":{"start":{"line":10,"column":12},"end":{"line":13,"column":13}},"4":{"start":{"line":11,"column":16},"end":{"line":11,"column":93}},"5":{"start":{"line":12,"column":16},"end":{"line":12,"column":23}},"6":{"start":{"line":14,"column":12},"end":{"line":14,"column":89}},"7":{"start":{"line":15,"column":39},"end":{"line":15,"column":73}},"8":{"start":{"line":16,"column":12},"end":{"line":16,"column":39}},"9":{"start":{"line":19,"column":12},"end":{"line":19,"column":null}},"10":{"start":{"line":20,"column":12},"end":{"line":20,"column":19}},"11":{"start":{"line":25,"column":8},"end":{"line":31,"column":9}},"12":{"start":{"line":26,"column":42},"end":{"line":26,"column":68}},"13":{"start":{"line":27,"column":12},"end":{"line":27,"column":28}},"14":{"start":{"line":29,"column":12},"end":{"line":29,"column":31}},"15":{"start":{"line":30,"column":12},"end":{"line":30,"column":24}},"16":{"start":{"line":41,"column":7},"end":{"line":64,"column":8}},"17":{"start":{"line":42,"column":45},"end":{"line":42,"column":90}},"18":{"start":{"line":43,"column":12},"end":{"line":46,"column":13}},"19":{"start":{"line":44,"column":16},"end":{"line":44,"column":86}},"20":{"start":{"line":45,"column":16},"end":{"line":45,"column":23}},"21":{"start":{"line":47,"column":28},"end":{"line":47,"column":100}},"22":{"start":{"line":49,"column":12},"end":{"line":53,"column":13}},"23":{"start":{"line":50,"column":16},"end":{"line":52,"column":19}},"24":{"start":{"line":54,"column":26},"end":{"line":54,"column":93}},"25":{"start":{"line":55,"column":12},"end":{"line":58,"column":null}},"26":{"start":{"line":61,"column":8},"end":{"line":63,"column":null}},"27":{"start":{"line":68,"column":8},"end":{"line":77,"column":9}},"28":{"start":{"line":69,"column":34},"end":{"line":69,"column":50}},"29":{"start":{"line":70,"column":46},"end":{"line":70,"column":104}},"30":{"start":{"line":71,"column":12},"end":{"line":73,"column":13}},"31":{"start":{"line":72,"column":16},"end":{"line":72,"column":null}},"32":{"start":{"line":74,"column":12},"end":{"line":74,"column":27}},"33":{"start":{"line":76,"column":12},"end":{"line":76,"column":null}},"34":{"start":{"line":81,"column":13},"end":{"line":81,"column":51}}},"fnMap":{"0":{"name":"(anonymous_7)","decl":{"start":{"line":7,"column":10},"end":{"line":7,"column":16}},"loc":{"start":{"line":7,"column":44},"end":{"line":22,"column":null}}},"1":{"name":"(anonymous_9)","decl":{"start":{"line":24,"column":10},"end":{"line":24,"column":17}},"loc":{"start":{"line":24,"column":45},"end":{"line":32,"column":null}}},"2":{"name":"(anonymous_11)","decl":{"start":{"line":34,"column":10},"end":{"line":34,"column":15}},"loc":{"start":{"line":34,"column":43},"end":{"line":65,"column":null}}},"3":{"name":"(anonymous_13)","decl":{"start":{"line":67,"column":10},"end":{"line":67,"column":16}},"loc":{"start":{"line":67,"column":44},"end":{"line":78,"column":null}}}},"branchMap":{"0":{"loc":{"start":{"line":10,"column":12},"end":{"line":13,"column":13}},"type":"if","locations":[{"start":{"line":10,"column":12},"end":{"line":13,"column":13}}]},"1":{"loc":{"start":{"line":43,"column":12},"end":{"line":46,"column":13}},"type":"if","locations":[{"start":{"line":43,"column":12},"end":{"line":46,"column":13}}]},"2":{"loc":{"start":{"line":49,"column":12},"end":{"line":53,"column":13}},"type":"if","locations":[{"start":{"line":49,"column":12},"end":{"line":53,"column":13}}]},"3":{"loc":{"start":{"line":71,"column":12},"end":{"line":73,"column":13}},"type":"if","locations":[{"start":{"line":71,"column":12},"end":{"line":73,"column":13}}]}},"s":{"0":1,"1":0,"2":0,"3":0,"4":0,"5":0,"6":0,"7":0,"8":0,"9":0,"10":0,"11":0,"12":0,"13":0,"14":0,"15":0,"16":0,"17":0,"18":0,"19":0,"20":0,"21":0,"22":0,"23":0,"24":0,"25":0,"26":0,"27":0,"28":0,"29":0,"30":0,"31":0,"32":0,"33":0,"34":1},"f":{"0":0,"1":0,"2":0,"3":0},"b":{"0":[0],"1":[0],"2":[0],"3":[0]}}
,"C:\\Users\\aleji\\git\\taller-expres\\express\\src\\lib\\connectionDB.ts": {"path":"C:\\Users\\aleji\\git\\taller-expres\\express\\src\\lib\\connectionDB.ts","statementMap":{"0":{"start":{"line":1,"column":0},"end":{"line":1,"column":32}},"1":{"start":{"line":4,"column":2},"end":{"line":4,"column":69}},"2":{"start":{"line":6,"column":13},"end":{"line":15,"column":11}},"3":{"start":{"line":11,"column":10},"end":{"line":11,"column":46}},"4":{"start":{"line":14,"column":10},"end":{"line":14,"column":60}}},"fnMap":{"0":{"name":"(anonymous_1)","decl":{"start":{"line":10,"column":14},"end":{"line":10,"column":17}},"loc":{"start":{"line":10,"column":19},"end":{"line":12,"column":9}}},"1":{"name":"(anonymous_2)","decl":{"start":{"line":13,"column":15},"end":{"line":13,"column":16}},"loc":{"start":{"line":13,"column":25},"end":{"line":15,"column":9}}}},"branchMap":{"0":{"loc":{"start":{"line":4,"column":2},"end":{"line":4,"column":69}},"type":"binary-expr","locations":[{"start":{"line":4,"column":2},"end":{"line":4,"column":23}},{"start":{"line":4,"column":27},"end":{"line":4,"column":69}}]},"1":{"loc":{"start":{"line":7,"column":2},"end":{"line":15,"column":10}},"type":"cond-expr","locations":[{"start":{"line":8,"column":6},"end":{"line":8,"column":39}},{"start":{"line":9,"column":6},"end":{"line":15,"column":10}}]}},"s":{"0":1,"1":1,"2":1,"3":0,"4":0},"f":{"0":0,"1":0},"b":{"0":[1,1],"1":[1,0]}}
,"C:\\Users\\aleji\\git\\taller-expres\\express\\src\\models\\user.model.ts": {"path":"C:\\Users\\aleji\\git\\taller-expres\\express\\src\\models\\user.model.ts","statementMap":{"0":{"start":{"line":1,"column":0},"end":{"line":1,"column":32}},"1":{"start":{"line":15,"column":19},"end":{"line":21,"column":2}},"2":{"start":{"line":23,"column":13},"end":{"line":23,"column":74}}},"fnMap":{},"branchMap":{},"s":{"0":1,"1":1,"2":1},"f":{},"b":{}}
,"C:\\Users\\aleji\\git\\taller-expres\\express\\src\\routes\\user.route.ts": {"path":"C:\\Users\\aleji\\git\\taller-expres\\express\\src\\routes\\user.route.ts","statementMap":{"0":{"start":{"line":1,"column":0},"end":{"line":1,"column":33}},"1":{"start":{"line":2,"column":0},"end":{"line":2,"column":48}},"2":{"start":{"line":5,"column":13},"end":{"line":5,"column":35}},"3":{"start":{"line":7,"column":0},"end":{"line":7,"column":44}},"4":{"start":{"line":8,"column":0},"end":{"line":8,"column":43}},"5":{"start":{"line":9,"column":0},"end":{"line":9,"column":49}}},"fnMap":{},"branchMap":{},"s":{"0":1,"1":1,"2":1,"3":1,"4":1,"5":1},"f":{},"b":{}}
,"C:\\Users\\aleji\\git\\taller-expres\\express\\src\\services\\index.ts": {"path":"C:\\Users\\aleji\\git\\taller-expres\\express\\src\\services\\index.ts","statementMap":{"0":{"start":{"line":1,"column":0},"end":{"line":1,"column":31}},"1":{"start":{"line":2,"column":0},"end":{"line":2,"column":35}}},"fnMap":{},"branchMap":{},"s":{"0":1,"1":1},"f":{},"b":{}}
,"C:\\Users\\aleji\\git\\taller-expres\\express\\src\\services\\security.service.ts": {"path":"C:\\Users\\aleji\\git\\taller-expres\\express\\src\\services\\security.service.ts","statementMap":{"0":{"start":{"line":1,"column":0},"end":{"line":1,"column":30}},"1":{"start":{"line":3,"column":0},"end":{"line":3,"column":31}},"2":{"start":{"line":8,"column":8},"end":{"line":8,"column":47}},"3":{"start":{"line":12,"column":8},"end":{"line":12,"column":80}},"4":{"start":{"line":16,"column":8},"end":{"line":16,"column":63}},"5":{"start":{"line":23,"column":13},"end":{"line":23,"column":53}}},"fnMap":{"0":{"name":"(anonymous_8)","decl":{"start":{"line":7,"column":10},"end":{"line":7,"column":25}},"loc":{"start":{"line":7,"column":43},"end":{"line":9,"column":null}}},"1":{"name":"(anonymous_10)","decl":{"start":{"line":11,"column":10},"end":{"line":11,"column":23}},"loc":{"start":{"line":11,"column":81},"end":{"line":13,"column":null}}},"2":{"name":"(anonymous_12)","decl":{"start":{"line":15,"column":10},"end":{"line":15,"column":26}},"loc":{"start":{"line":15,"column":69},"end":{"line":17,"column":null}}}},"branchMap":{},"s":{"0":1,"1":1,"2":0,"3":0,"4":0,"5":1},"f":{"0":0,"1":0,"2":0},"b":{}}
,"C:\\Users\\aleji\\git\\taller-expres\\express\\src\\services\\user.service.ts": {"path":"C:\\Users\\aleji\\git\\taller-expres\\express\\src\\services\\user.service.ts","statementMap":{"0":{"start":{"line":1,"column":0},"end":{"line":1,"column":74}},"1":{"start":{"line":5,"column":8},"end":{"line":10,"column":9}},"2":{"start":{"line":6,"column":25},"end":{"line":6,"column":53}},"3":{"start":{"line":7,"column":12},"end":{"line":7,"column":24}},"4":{"start":{"line":9,"column":12},"end":{"line":9,"column":24}},"5":{"start":{"line":14,"column":8},"end":{"line":19,"column":9}},"6":{"start":{"line":15,"column":25},"end":{"line":15,"column":66}},"7":{"start":{"line":16,"column":12},"end":{"line":16,"column":24}},"8":{"start":{"line":18,"column":12},"end":{"line":18,"column":24}},"9":{"start":{"line":23,"column":8},"end":{"line":29,"column":9}},"10":{"start":{"line":24,"column":42},"end":{"line":24,"column":64}},"11":{"start":{"line":25,"column":12},"end":{"line":25,"column":25}},"12":{"start":{"line":27,"column":12},"end":{"line":27,"column":31}},"13":{"start":{"line":28,"column":12},"end":{"line":28,"column":24}},"14":{"start":{"line":33,"column":8},"end":{"line":41,"column":9}},"15":{"start":{"line":34,"column":53},"end":{"line":34,"column":138}},"16":{"start":{"line":35,"column":12},"end":{"line":37,"column":13}},"17":{"start":{"line":36,"column":16},"end":{"line":36,"column":42}},"18":{"start":{"line":38,"column":12},"end":{"line":38,"column":31}},"19":{"start":{"line":40,"column":12},"end":{"line":40,"column":24}},"20":{"start":{"line":45,"column":13},"end":{"line":45,"column":45}}},"fnMap":{"0":{"name":"(anonymous_7)","decl":{"start":{"line":4,"column":10},"end":{"line":4,"column":16}},"loc":{"start":{"line":4,"column":35},"end":{"line":11,"column":null}}},"1":{"name":"(anonymous_9)","decl":{"start":{"line":13,"column":10},"end":{"line":13,"column":21}},"loc":{"start":{"line":13,"column":34},"end":{"line":20,"column":null}}},"2":{"name":"(anonymous_11)","decl":{"start":{"line":22,"column":10},"end":{"line":22,"column":16}},"loc":{"start":{"line":22,"column":16},"end":{"line":30,"column":null}}},"3":{"name":"(anonymous_13)","decl":{"start":{"line":32,"column":10},"end":{"line":32,"column":20}},"loc":{"start":{"line":32,"column":53},"end":{"line":42,"column":null}}}},"branchMap":{"0":{"loc":{"start":{"line":35,"column":12},"end":{"line":37,"column":13}},"type":"if","locations":[{"start":{"line":35,"column":12},"end":{"line":37,"column":13}}]}},"s":{"0":1,"1":0,"2":0,"3":0,"4":0,"5":0,"6":0,"7":0,"8":0,"9":0,"10":0,"11":0,"12":0,"13":0,"14":0,"15":0,"16":0,"17":0,"18":0,"19":0,"20":1},"f":{"0":0,"1":0,"2":0,"3":0},"b":{"0":[0]}}
}
