{"C:\\Users\\Isabella\\Documents\\ICESI\\7. Septimo Semestre\\Computacion en Internet III\\TickTopia\\taller-express\\express\\src\\index.ts": {"path":"C:\\Users\\Isabella\\Documents\\ICESI\\7. Septimo Semestre\\Computacion en Internet III\\TickTopia\\taller-express\\express\\src\\index.ts","statementMap":{"0":{"start":{"line":1,"column":0},"end":{"line":1,"column":41}},"1":{"start":{"line":2,"column":0},"end":{"line":2,"column":39}},"2":{"start":{"line":3,"column":0},"end":{"line":3,"column":49}},"3":{"start":{"line":4,"column":0},"end":{"line":4,"column":49}},"4":{"start":{"line":5,"column":0},"end":{"line":5,"column":40}},"5":{"start":{"line":9,"column":13},"end":{"line":9,"column":38}},"6":{"start":{"line":11,"column":20},"end":{"line":11,"column":24}},"7":{"start":{"line":13,"column":0},"end":{"line":13,"column":47}},"8":{"start":{"line":14,"column":0},"end":{"line":14,"column":24}},"9":{"start":{"line":15,"column":0},"end":{"line":15,"column":29}},"10":{"start":{"line":16,"column":0},"end":{"line":16,"column":32}},"11":{"start":{"line":17,"column":0},"end":{"line":17,"column":29}},"12":{"start":{"line":21,"column":0},"end":{"line":31,"column":1}},"13":{"start":{"line":22,"column":4},"end":{"line":28,"column":7}},"14":{"start":{"line":23,"column":8},"end":{"line":25,"column":11}},"15":{"start":{"line":24,"column":12},"end":{"line":24,"column":61}},"16":{"start":{"line":27,"column":8},"end":{"line":27,"column":59}},"17":{"start":{"line":30,"column":4},"end":{"line":30,"column":75}}},"fnMap":{"0":{"name":"(anonymous_1)","decl":{"start":{"line":22,"column":12},"end":{"line":22,"column":15}},"loc":{"start":{"line":22,"column":17},"end":{"line":26,"column":5}}},"1":{"name":"(anonymous_2)","decl":{"start":{"line":23,"column":45},"end":{"line":23,"column":48}},"loc":{"start":{"line":23,"column":50},"end":{"line":25,"column":9}}},"2":{"name":"(anonymous_3)","decl":{"start":{"line":26,"column":13},"end":{"line":26,"column":14}},"loc":{"start":{"line":26,"column":23},"end":{"line":28,"column":5}}}},"branchMap":{"0":{"loc":{"start":{"line":21,"column":0},"end":{"line":31,"column":1}},"type":"if","locations":[{"start":{"line":21,"column":0},"end":{"line":31,"column":1}},{"start":{"line":29,"column":7},"end":{"line":31,"column":1}}]}},"s":{"0":2,"1":2,"2":2,"3":2,"4":2,"5":2,"6":2,"7":2,"8":2,"9":2,"10":2,"11":2,"12":2,"13":0,"14":0,"15":0,"16":0,"17":2},"f":{"0":0,"1":0,"2":0},"b":{"0":[0,2]}}
,"C:\\Users\\Isabella\\Documents\\ICESI\\7. Septimo Semestre\\Computacion en Internet III\\TickTopia\\taller-express\\express\\src\\controllers\\auth.controller.ts": {"path":"C:\\Users\\Isabella\\Documents\\ICESI\\7. Septimo Semestre\\Computacion en Internet III\\TickTopia\\taller-express\\express\\src\\controllers\\auth.controller.ts","statementMap":{"0":{"start":{"line":2,"column":0},"end":{"line":2,"column":59}},"1":{"start":{"line":14,"column":7},"end":{"line":41,"column":8}},"2":{"start":{"line":15,"column":45},"end":{"line":15,"column":90}},"3":{"start":{"line":16,"column":12},"end":{"line":19,"column":13}},"4":{"start":{"line":17,"column":16},"end":{"line":17,"column":86}},"5":{"start":{"line":18,"column":16},"end":{"line":18,"column":23}},"6":{"start":{"line":20,"column":28},"end":{"line":20,"column":100}},"7":{"start":{"line":22,"column":12},"end":{"line":28,"column":13}},"8":{"start":{"line":23,"column":16},"end":{"line":25,"column":19}},"9":{"start":{"line":26,"column":16},"end":{"line":26,"column":23}},"10":{"start":{"line":29,"column":26},"end":{"line":29,"column":93}},"11":{"start":{"line":30,"column":12},"end":{"line":33,"column":null}},"12":{"start":{"line":34,"column":12},"end":{"line":34,"column":19}},"13":{"start":{"line":37,"column":8},"end":{"line":39,"column":null}},"14":{"start":{"line":40,"column":8},"end":{"line":40,"column":15}},"15":{"start":{"line":44,"column":13},"end":{"line":44,"column":51}}},"fnMap":{"0":{"name":"(anonymous_7)","decl":{"start":{"line":7,"column":10},"end":{"line":7,"column":15}},"loc":{"start":{"line":7,"column":43},"end":{"line":42,"column":null}}}},"branchMap":{"0":{"loc":{"start":{"line":16,"column":12},"end":{"line":19,"column":13}},"type":"if","locations":[{"start":{"line":16,"column":12},"end":{"line":19,"column":13}}]},"1":{"loc":{"start":{"line":22,"column":12},"end":{"line":28,"column":13}},"type":"if","locations":[{"start":{"line":22,"column":12},"end":{"line":28,"column":13}}]}},"s":{"0":2,"1":4,"2":4,"3":3,"4":1,"5":1,"6":2,"7":2,"8":1,"9":1,"10":1,"11":1,"12":1,"13":1,"14":1,"15":2},"f":{"0":4},"b":{"0":[1],"1":[1]}}
,"C:\\Users\\Isabella\\Documents\\ICESI\\7. Septimo Semestre\\Computacion en Internet III\\TickTopia\\taller-express\\express\\src\\controllers\\event.controller.ts": {"path":"C:\\Users\\Isabella\\Documents\\ICESI\\7. Septimo Semestre\\Computacion en Internet III\\TickTopia\\taller-express\\express\\src\\controllers\\event.controller.ts","statementMap":{"0":{"start":{"line":2,"column":0},"end":{"line":2,"column":43}},"1":{"start":{"line":8,"column":8},"end":{"line":26,"column":9}},"2":{"start":{"line":9,"column":63},"end":{"line":9,"column":71}},"3":{"start":{"line":11,"column":12},"end":{"line":14,"column":13}},"4":{"start":{"line":12,"column":16},"end":{"line":12,"column":120}},"5":{"start":{"line":13,"column":16},"end":{"line":13,"column":23}},"6":{"start":{"line":17,"column":12},"end":{"line":20,"column":13}},"7":{"start":{"line":18,"column":16},"end":{"line":18,"column":80}},"8":{"start":{"line":19,"column":16},"end":{"line":19,"column":23}},"9":{"start":{"line":22,"column":41},"end":{"line":22,"column":76}},"10":{"start":{"line":23,"column":12},"end":{"line":23,"column":40}},"11":{"start":{"line":25,"column":12},"end":{"line":25,"column":75}},"12":{"start":{"line":31,"column":8},"end":{"line":44,"column":9}},"13":{"start":{"line":32,"column":48},"end":{"line":32,"column":90}},"14":{"start":{"line":34,"column":12},"end":{"line":37,"column":13}},"15":{"start":{"line":35,"column":16},"end":{"line":35,"column":69}},"16":{"start":{"line":36,"column":16},"end":{"line":36,"column":23}},"17":{"start":{"line":39,"column":12},"end":{"line":39,"column":28}},"18":{"start":{"line":40,"column":12},"end":{"line":40,"column":19}},"19":{"start":{"line":42,"column":12},"end":{"line":42,"column":65}},"20":{"start":{"line":43,"column":12},"end":{"line":43,"column":19}},"21":{"start":{"line":49,"column":8},"end":{"line":56,"column":9}},"22":{"start":{"line":50,"column":44},"end":{"line":50,"column":71}},"23":{"start":{"line":51,"column":12},"end":{"line":51,"column":29}},"24":{"start":{"line":52,"column":12},"end":{"line":52,"column":19}},"25":{"start":{"line":54,"column":12},"end":{"line":54,"column":64}},"26":{"start":{"line":55,"column":12},"end":{"line":55,"column":19}},"27":{"start":{"line":60,"column":8},"end":{"line":67,"column":9}},"28":{"start":{"line":61,"column":41},"end":{"line":61,"column":96}},"29":{"start":{"line":62,"column":12},"end":{"line":62,"column":28}},"30":{"start":{"line":63,"column":12},"end":{"line":63,"column":19}},"31":{"start":{"line":65,"column":12},"end":{"line":65,"column":73}},"32":{"start":{"line":66,"column":12},"end":{"line":66,"column":19}},"33":{"start":{"line":71,"column":8},"end":{"line":84,"column":9}},"34":{"start":{"line":72,"column":48},"end":{"line":72,"column":93}},"35":{"start":{"line":74,"column":12},"end":{"line":77,"column":13}},"36":{"start":{"line":75,"column":16},"end":{"line":75,"column":69}},"37":{"start":{"line":76,"column":16},"end":{"line":76,"column":23}},"38":{"start":{"line":79,"column":12},"end":{"line":79,"column":28}},"39":{"start":{"line":80,"column":12},"end":{"line":80,"column":19}},"40":{"start":{"line":82,"column":12},"end":{"line":82,"column":75}},"41":{"start":{"line":83,"column":12},"end":{"line":83,"column":19}},"42":{"start":{"line":90,"column":13},"end":{"line":90,"column":53}}},"fnMap":{"0":{"name":"(anonymous_7)","decl":{"start":{"line":7,"column":10},"end":{"line":7,"column":16}},"loc":{"start":{"line":7,"column":44},"end":{"line":27,"column":null}}},"1":{"name":"(anonymous_9)","decl":{"start":{"line":30,"column":10},"end":{"line":30,"column":18}},"loc":{"start":{"line":30,"column":46},"end":{"line":45,"column":null}}},"2":{"name":"(anonymous_11)","decl":{"start":{"line":48,"column":10},"end":{"line":48,"column":17}},"loc":{"start":{"line":48,"column":45},"end":{"line":57,"column":null}}},"3":{"name":"(anonymous_13)","decl":{"start":{"line":59,"column":10},"end":{"line":59,"column":16}},"loc":{"start":{"line":59,"column":44},"end":{"line":68,"column":null}}},"4":{"name":"(anonymous_15)","decl":{"start":{"line":70,"column":10},"end":{"line":70,"column":16}},"loc":{"start":{"line":70,"column":44},"end":{"line":85,"column":null}}}},"branchMap":{"0":{"loc":{"start":{"line":11,"column":12},"end":{"line":14,"column":13}},"type":"if","locations":[{"start":{"line":11,"column":12},"end":{"line":14,"column":13}}]},"1":{"loc":{"start":{"line":11,"column":16},"end":{"line":11,"column":77}},"type":"binary-expr","locations":[{"start":{"line":11,"column":16},"end":{"line":11,"column":21}},{"start":{"line":11,"column":25},"end":{"line":11,"column":40}},{"start":{"line":11,"column":44},"end":{"line":11,"column":66}},{"start":{"line":11,"column":70},"end":{"line":11,"column":77}}]},"2":{"loc":{"start":{"line":17,"column":12},"end":{"line":20,"column":13}},"type":"if","locations":[{"start":{"line":17,"column":12},"end":{"line":20,"column":13}}]},"3":{"loc":{"start":{"line":34,"column":12},"end":{"line":37,"column":13}},"type":"if","locations":[{"start":{"line":34,"column":12},"end":{"line":37,"column":13}}]},"4":{"loc":{"start":{"line":74,"column":12},"end":{"line":77,"column":13}},"type":"if","locations":[{"start":{"line":74,"column":12},"end":{"line":77,"column":13}}]}},"s":{"0":2,"1":9,"2":9,"3":9,"4":5,"5":5,"6":4,"7":1,"8":1,"9":3,"10":1,"11":2,"12":4,"13":4,"14":2,"15":1,"16":1,"17":1,"18":1,"19":2,"20":2,"21":1,"22":1,"23":1,"24":1,"25":0,"26":0,"27":2,"28":2,"29":1,"30":1,"31":1,"32":1,"33":1,"34":1,"35":1,"36":0,"37":0,"38":1,"39":1,"40":0,"41":0,"42":2},"f":{"0":9,"1":4,"2":1,"3":2,"4":1},"b":{"0":[5],"1":[9,8,7,6],"2":[1],"3":[1],"4":[0]}}
,"C:\\Users\\Isabella\\Documents\\ICESI\\7. Septimo Semestre\\Computacion en Internet III\\TickTopia\\taller-express\\express\\src\\controllers\\index.ts": {"path":"C:\\Users\\Isabella\\Documents\\ICESI\\7. Septimo Semestre\\Computacion en Internet III\\TickTopia\\taller-express\\express\\src\\controllers\\index.ts","statementMap":{"0":{"start":{"line":1,"column":0},"end":{"line":1,"column":34}},"1":{"start":{"line":2,"column":0},"end":{"line":2,"column":34}},"2":{"start":{"line":3,"column":0},"end":{"line":3,"column":35}}},"fnMap":{},"branchMap":{},"s":{"0":2,"1":2,"2":2},"f":{},"b":{}}
,"C:\\Users\\Isabella\\Documents\\ICESI\\7. Septimo Semestre\\Computacion en Internet III\\TickTopia\\taller-express\\express\\src\\controllers\\user.controller.ts": {"path":"C:\\Users\\Isabella\\Documents\\ICESI\\7. Septimo Semestre\\Computacion en Internet III\\TickTopia\\taller-express\\express\\src\\controllers\\user.controller.ts","statementMap":{"0":{"start":{"line":2,"column":0},"end":{"line":2,"column":59}},"1":{"start":{"line":8,"column":8},"end":{"line":22,"column":9}},"2":{"start":{"line":9,"column":52},"end":{"line":9,"column":97}},"3":{"start":{"line":10,"column":12},"end":{"line":13,"column":13}},"4":{"start":{"line":11,"column":16},"end":{"line":11,"column":93}},"5":{"start":{"line":12,"column":16},"end":{"line":12,"column":23}},"6":{"start":{"line":14,"column":12},"end":{"line":14,"column":89}},"7":{"start":{"line":15,"column":39},"end":{"line":15,"column":73}},"8":{"start":{"line":16,"column":12},"end":{"line":16,"column":39}},"9":{"start":{"line":17,"column":12},"end":{"line":17,"column":19}},"10":{"start":{"line":20,"column":12},"end":{"line":20,"column":null}},"11":{"start":{"line":21,"column":12},"end":{"line":21,"column":19}},"12":{"start":{"line":26,"column":8},"end":{"line":33,"column":9}},"13":{"start":{"line":27,"column":42},"end":{"line":27,"column":68}},"14":{"start":{"line":28,"column":12},"end":{"line":28,"column":28}},"15":{"start":{"line":29,"column":12},"end":{"line":29,"column":19}},"16":{"start":{"line":31,"column":12},"end":{"line":31,"column":31}},"17":{"start":{"line":32,"column":12},"end":{"line":32,"column":24}},"18":{"start":{"line":43,"column":7},"end":{"line":69,"column":8}},"19":{"start":{"line":44,"column":45},"end":{"line":44,"column":90}},"20":{"start":{"line":45,"column":12},"end":{"line":48,"column":13}},"21":{"start":{"line":46,"column":16},"end":{"line":46,"column":86}},"22":{"start":{"line":47,"column":16},"end":{"line":47,"column":23}},"23":{"start":{"line":49,"column":28},"end":{"line":49,"column":100}},"24":{"start":{"line":51,"column":12},"end":{"line":56,"column":13}},"25":{"start":{"line":52,"column":16},"end":{"line":54,"column":19}},"26":{"start":{"line":55,"column":16},"end":{"line":55,"column":23}},"27":{"start":{"line":57,"column":26},"end":{"line":57,"column":93}},"28":{"start":{"line":58,"column":12},"end":{"line":61,"column":null}},"29":{"start":{"line":62,"column":12},"end":{"line":62,"column":19}},"30":{"start":{"line":65,"column":8},"end":{"line":67,"column":null}},"31":{"start":{"line":68,"column":8},"end":{"line":68,"column":15}},"32":{"start":{"line":73,"column":8},"end":{"line":85,"column":9}},"33":{"start":{"line":74,"column":34},"end":{"line":74,"column":50}},"34":{"start":{"line":75,"column":46},"end":{"line":75,"column":104}},"35":{"start":{"line":76,"column":12},"end":{"line":79,"column":13}},"36":{"start":{"line":77,"column":16},"end":{"line":77,"column":null}},"37":{"start":{"line":78,"column":16},"end":{"line":78,"column":23}},"38":{"start":{"line":80,"column":12},"end":{"line":80,"column":27}},"39":{"start":{"line":81,"column":12},"end":{"line":81,"column":19}},"40":{"start":{"line":83,"column":12},"end":{"line":83,"column":null}},"41":{"start":{"line":84,"column":12},"end":{"line":84,"column":19}},"42":{"start":{"line":89,"column":13},"end":{"line":89,"column":51}}},"fnMap":{"0":{"name":"(anonymous_7)","decl":{"start":{"line":7,"column":10},"end":{"line":7,"column":16}},"loc":{"start":{"line":7,"column":44},"end":{"line":23,"column":null}}},"1":{"name":"(anonymous_9)","decl":{"start":{"line":25,"column":10},"end":{"line":25,"column":17}},"loc":{"start":{"line":25,"column":45},"end":{"line":34,"column":null}}},"2":{"name":"(anonymous_11)","decl":{"start":{"line":36,"column":10},"end":{"line":36,"column":15}},"loc":{"start":{"line":36,"column":43},"end":{"line":70,"column":null}}},"3":{"name":"(anonymous_13)","decl":{"start":{"line":72,"column":10},"end":{"line":72,"column":16}},"loc":{"start":{"line":72,"column":44},"end":{"line":86,"column":null}}}},"branchMap":{"0":{"loc":{"start":{"line":10,"column":12},"end":{"line":13,"column":13}},"type":"if","locations":[{"start":{"line":10,"column":12},"end":{"line":13,"column":13}}]},"1":{"loc":{"start":{"line":45,"column":12},"end":{"line":48,"column":13}},"type":"if","locations":[{"start":{"line":45,"column":12},"end":{"line":48,"column":13}}]},"2":{"loc":{"start":{"line":51,"column":12},"end":{"line":56,"column":13}},"type":"if","locations":[{"start":{"line":51,"column":12},"end":{"line":56,"column":13}}]},"3":{"loc":{"start":{"line":76,"column":12},"end":{"line":79,"column":13}},"type":"if","locations":[{"start":{"line":76,"column":12},"end":{"line":79,"column":13}}]}},"s":{"0":2,"1":0,"2":0,"3":0,"4":0,"5":0,"6":0,"7":0,"8":0,"9":0,"10":0,"11":0,"12":0,"13":0,"14":0,"15":0,"16":0,"17":0,"18":0,"19":0,"20":0,"21":0,"22":0,"23":0,"24":0,"25":0,"26":0,"27":0,"28":0,"29":0,"30":0,"31":0,"32":0,"33":0,"34":0,"35":0,"36":0,"37":0,"38":0,"39":0,"40":0,"41":0,"42":2},"f":{"0":0,"1":0,"2":0,"3":0},"b":{"0":[0],"1":[0],"2":[0],"3":[0]}}
,"C:\\Users\\Isabella\\Documents\\ICESI\\7. Septimo Semestre\\Computacion en Internet III\\TickTopia\\taller-express\\express\\src\\lib\\connectionDB.ts": {"path":"C:\\Users\\Isabella\\Documents\\ICESI\\7. Septimo Semestre\\Computacion en Internet III\\TickTopia\\taller-express\\express\\src\\lib\\connectionDB.ts","statementMap":{"0":{"start":{"line":1,"column":0},"end":{"line":1,"column":32}},"1":{"start":{"line":4,"column":2},"end":{"line":4,"column":69}},"2":{"start":{"line":6,"column":13},"end":{"line":15,"column":11}},"3":{"start":{"line":11,"column":10},"end":{"line":11,"column":46}},"4":{"start":{"line":14,"column":10},"end":{"line":14,"column":60}}},"fnMap":{"0":{"name":"(anonymous_1)","decl":{"start":{"line":10,"column":14},"end":{"line":10,"column":17}},"loc":{"start":{"line":10,"column":19},"end":{"line":12,"column":9}}},"1":{"name":"(anonymous_2)","decl":{"start":{"line":13,"column":15},"end":{"line":13,"column":16}},"loc":{"start":{"line":13,"column":25},"end":{"line":15,"column":9}}}},"branchMap":{"0":{"loc":{"start":{"line":4,"column":2},"end":{"line":4,"column":69}},"type":"binary-expr","locations":[{"start":{"line":4,"column":2},"end":{"line":4,"column":23}},{"start":{"line":4,"column":27},"end":{"line":4,"column":69}}]},"1":{"loc":{"start":{"line":7,"column":2},"end":{"line":15,"column":10}},"type":"cond-expr","locations":[{"start":{"line":8,"column":6},"end":{"line":8,"column":39}},{"start":{"line":9,"column":6},"end":{"line":15,"column":10}}]}},"s":{"0":2,"1":2,"2":2,"3":0,"4":0},"f":{"0":0,"1":0},"b":{"0":[2,2],"1":[2,0]}}
,"C:\\Users\\Isabella\\Documents\\ICESI\\7. Septimo Semestre\\Computacion en Internet III\\TickTopia\\taller-express\\express\\src\\models\\event.model.ts": {"path":"C:\\Users\\Isabella\\Documents\\ICESI\\7. Septimo Semestre\\Computacion en Internet III\\TickTopia\\taller-express\\express\\src\\models\\event.model.ts","statementMap":{"0":{"start":{"line":1,"column":0},"end":{"line":1,"column":32}},"1":{"start":{"line":12,"column":20},"end":{"line":17,"column":2}},"2":{"start":{"line":19,"column":13},"end":{"line":19,"column":78}}},"fnMap":{},"branchMap":{},"s":{"0":4,"1":4,"2":4},"f":{},"b":{}}
,"C:\\Users\\Isabella\\Documents\\ICESI\\7. Septimo Semestre\\Computacion en Internet III\\TickTopia\\taller-express\\express\\src\\models\\index.ts": {"path":"C:\\Users\\Isabella\\Documents\\ICESI\\7. Septimo Semestre\\Computacion en Internet III\\TickTopia\\taller-express\\express\\src\\models\\index.ts","statementMap":{"0":{"start":{"line":1,"column":0},"end":{"line":1,"column":28}},"1":{"start":{"line":2,"column":0},"end":{"line":2,"column":29}}},"fnMap":{},"branchMap":{},"s":{"0":4,"1":4},"f":{},"b":{}}
,"C:\\Users\\Isabella\\Documents\\ICESI\\7. Septimo Semestre\\Computacion en Internet III\\TickTopia\\taller-express\\express\\src\\models\\user.model.ts": {"path":"C:\\Users\\Isabella\\Documents\\ICESI\\7. Septimo Semestre\\Computacion en Internet III\\TickTopia\\taller-express\\express\\src\\models\\user.model.ts","statementMap":{"0":{"start":{"line":1,"column":0},"end":{"line":1,"column":32}},"1":{"start":{"line":15,"column":19},"end":{"line":21,"column":2}},"2":{"start":{"line":23,"column":13},"end":{"line":23,"column":74}}},"fnMap":{},"branchMap":{},"s":{"0":6,"1":6,"2":6},"f":{},"b":{}}
,"C:\\Users\\Isabella\\Documents\\ICESI\\7. Septimo Semestre\\Computacion en Internet III\\TickTopia\\taller-express\\express\\src\\routes\\auth.route.ts": {"path":"C:\\Users\\Isabella\\Documents\\ICESI\\7. Septimo Semestre\\Computacion en Internet III\\TickTopia\\taller-express\\express\\src\\routes\\auth.route.ts","statementMap":{"0":{"start":{"line":1,"column":0},"end":{"line":1,"column":33}},"1":{"start":{"line":2,"column":0},"end":{"line":2,"column":48}},"2":{"start":{"line":4,"column":13},"end":{"line":4,"column":35}},"3":{"start":{"line":6,"column":0},"end":{"line":6,"column":48}}},"fnMap":{},"branchMap":{},"s":{"0":2,"1":2,"2":2,"3":2},"f":{},"b":{}}
,"C:\\Users\\Isabella\\Documents\\ICESI\\7. Septimo Semestre\\Computacion en Internet III\\TickTopia\\taller-express\\express\\src\\routes\\event.route.ts": {"path":"C:\\Users\\Isabella\\Documents\\ICESI\\7. Septimo Semestre\\Computacion en Internet III\\TickTopia\\taller-express\\express\\src\\routes\\event.route.ts","statementMap":{"0":{"start":{"line":1,"column":0},"end":{"line":1,"column":33}},"1":{"start":{"line":2,"column":0},"end":{"line":2,"column":49}},"2":{"start":{"line":5,"column":13},"end":{"line":5,"column":36}},"3":{"start":{"line":7,"column":0},"end":{"line":7,"column":46}},"4":{"start":{"line":8,"column":0},"end":{"line":8,"column":60}},"5":{"start":{"line":9,"column":0},"end":{"line":9,"column":52}},"6":{"start":{"line":10,"column":0},"end":{"line":10,"column":55}},"7":{"start":{"line":11,"column":0},"end":{"line":11,"column":58}}},"fnMap":{},"branchMap":{},"s":{"0":2,"1":2,"2":2,"3":2,"4":2,"5":2,"6":2,"7":2},"f":{},"b":{}}
,"C:\\Users\\Isabella\\Documents\\ICESI\\7. Septimo Semestre\\Computacion en Internet III\\TickTopia\\taller-express\\express\\src\\routes\\index.ts": {"path":"C:\\Users\\Isabella\\Documents\\ICESI\\7. Septimo Semestre\\Computacion en Internet III\\TickTopia\\taller-express\\express\\src\\routes\\index.ts","statementMap":{"0":{"start":{"line":1,"column":0},"end":{"line":1,"column":29}},"1":{"start":{"line":2,"column":0},"end":{"line":2,"column":30}}},"fnMap":{},"branchMap":{},"s":{"0":2,"1":2},"f":{},"b":{}}
,"C:\\Users\\Isabella\\Documents\\ICESI\\7. Septimo Semestre\\Computacion en Internet III\\TickTopia\\taller-express\\express\\src\\routes\\user.route.ts": {"path":"C:\\Users\\Isabella\\Documents\\ICESI\\7. Septimo Semestre\\Computacion en Internet III\\TickTopia\\taller-express\\express\\src\\routes\\user.route.ts","statementMap":{"0":{"start":{"line":1,"column":0},"end":{"line":1,"column":33}},"1":{"start":{"line":2,"column":0},"end":{"line":2,"column":48}},"2":{"start":{"line":5,"column":13},"end":{"line":5,"column":35}},"3":{"start":{"line":7,"column":0},"end":{"line":7,"column":44}},"4":{"start":{"line":8,"column":0},"end":{"line":8,"column":43}},"5":{"start":{"line":9,"column":0},"end":{"line":9,"column":49}}},"fnMap":{},"branchMap":{},"s":{"0":2,"1":2,"2":2,"3":2,"4":2,"5":2},"f":{},"b":{}}
,"C:\\Users\\Isabella\\Documents\\ICESI\\7. Septimo Semestre\\Computacion en Internet III\\TickTopia\\taller-express\\express\\src\\services\\event.service.ts": {"path":"C:\\Users\\Isabella\\Documents\\ICESI\\7. Septimo Semestre\\Computacion en Internet III\\TickTopia\\taller-express\\express\\src\\services\\event.service.ts","statementMap":{"0":{"start":{"line":1,"column":0},"end":{"line":1,"column":66}},"1":{"start":{"line":6,"column":8},"end":{"line":13,"column":9}},"2":{"start":{"line":7,"column":26},"end":{"line":7,"column":55}},"3":{"start":{"line":8,"column":24},"end":{"line":8,"column":66}},"4":{"start":{"line":9,"column":12},"end":{"line":9,"column":29}},"5":{"start":{"line":10,"column":12},"end":{"line":10,"column":25}},"6":{"start":{"line":12,"column":12},"end":{"line":12,"column":24}},"7":{"start":{"line":17,"column":8},"end":{"line":27,"column":9}},"8":{"start":{"line":18,"column":26},"end":{"line":18,"column":55}},"9":{"start":{"line":19,"column":12},"end":{"line":21,"column":13}},"10":{"start":{"line":20,"column":16},"end":{"line":20,"column":66}},"11":{"start":{"line":22,"column":24},"end":{"line":22,"column":64}},"12":{"start":{"line":23,"column":12},"end":{"line":23,"column":29}},"13":{"start":{"line":24,"column":12},"end":{"line":24,"column":25}},"14":{"start":{"line":26,"column":12},"end":{"line":26,"column":24}},"15":{"start":{"line":31,"column":8},"end":{"line":39,"column":9}},"16":{"start":{"line":32,"column":44},"end":{"line":32,"column":67}},"17":{"start":{"line":33,"column":24},"end":{"line":33,"column":55}},"18":{"start":{"line":34,"column":12},"end":{"line":34,"column":29}},"19":{"start":{"line":35,"column":12},"end":{"line":35,"column":26}},"20":{"start":{"line":37,"column":12},"end":{"line":37,"column":31}},"21":{"start":{"line":38,"column":12},"end":{"line":38,"column":24}},"22":{"start":{"line":43,"column":8},"end":{"line":62,"column":9}},"23":{"start":{"line":44,"column":55},"end":{"line":47,"column":null}},"24":{"start":{"line":50,"column":12},"end":{"line":52,"column":13}},"25":{"start":{"line":51,"column":16},"end":{"line":51,"column":65}},"26":{"start":{"line":54,"column":12},"end":{"line":54,"column":35}},"27":{"start":{"line":56,"column":24},"end":{"line":56,"column":73}},"28":{"start":{"line":57,"column":12},"end":{"line":57,"column":29}},"29":{"start":{"line":59,"column":12},"end":{"line":59,"column":32}},"30":{"start":{"line":61,"column":12},"end":{"line":61,"column":24}},"31":{"start":{"line":67,"column":8},"end":{"line":77,"column":9}},"32":{"start":{"line":68,"column":33},"end":{"line":68,"column":71}},"33":{"start":{"line":69,"column":12},"end":{"line":71,"column":13}},"34":{"start":{"line":70,"column":16},"end":{"line":70,"column":65}},"35":{"start":{"line":72,"column":24},"end":{"line":72,"column":73}},"36":{"start":{"line":73,"column":12},"end":{"line":73,"column":29}},"37":{"start":{"line":74,"column":12},"end":{"line":74,"column":32}},"38":{"start":{"line":76,"column":12},"end":{"line":76,"column":24}},"39":{"start":{"line":81,"column":13},"end":{"line":81,"column":47}}},"fnMap":{"0":{"name":"(anonymous_7)","decl":{"start":{"line":5,"column":10},"end":{"line":5,"column":16}},"loc":{"start":{"line":5,"column":33},"end":{"line":14,"column":null}}},"1":{"name":"(anonymous_9)","decl":{"start":{"line":16,"column":10},"end":{"line":16,"column":18}},"loc":{"start":{"line":16,"column":28},"end":{"line":28,"column":null}}},"2":{"name":"(anonymous_11)","decl":{"start":{"line":30,"column":10},"end":{"line":30,"column":16}},"loc":{"start":{"line":30,"column":16},"end":{"line":40,"column":null}}},"3":{"name":"(anonymous_13)","decl":{"start":{"line":42,"column":10},"end":{"line":42,"column":21}},"loc":{"start":{"line":42,"column":51},"end":{"line":63,"column":null}}},"4":{"name":"(anonymous_15)","decl":{"start":{"line":66,"column":10},"end":{"line":66,"column":21}},"loc":{"start":{"line":66,"column":31},"end":{"line":78,"column":null}}}},"branchMap":{"0":{"loc":{"start":{"line":19,"column":12},"end":{"line":21,"column":13}},"type":"if","locations":[{"start":{"line":19,"column":12},"end":{"line":21,"column":13}}]},"1":{"loc":{"start":{"line":50,"column":12},"end":{"line":52,"column":13}},"type":"if","locations":[{"start":{"line":50,"column":12},"end":{"line":52,"column":13}}]},"2":{"loc":{"start":{"line":69,"column":12},"end":{"line":71,"column":13}},"type":"if","locations":[{"start":{"line":69,"column":12},"end":{"line":71,"column":13}}]}},"s":{"0":4,"1":3,"2":3,"3":2,"4":2,"5":2,"6":1,"7":3,"8":3,"9":3,"10":1,"11":2,"12":2,"13":2,"14":1,"15":2,"16":2,"17":2,"18":2,"19":2,"20":0,"21":0,"22":3,"23":3,"24":3,"25":1,"26":2,"27":2,"28":2,"29":2,"30":1,"31":3,"32":3,"33":3,"34":1,"35":2,"36":2,"37":2,"38":1,"39":4},"f":{"0":3,"1":3,"2":2,"3":3,"4":3},"b":{"0":[1],"1":[1],"2":[1]}}
,"C:\\Users\\Isabella\\Documents\\ICESI\\7. Septimo Semestre\\Computacion en Internet III\\TickTopia\\taller-express\\express\\src\\services\\index.ts": {"path":"C:\\Users\\Isabella\\Documents\\ICESI\\7. Septimo Semestre\\Computacion en Internet III\\TickTopia\\taller-express\\express\\src\\services\\index.ts","statementMap":{"0":{"start":{"line":1,"column":0},"end":{"line":1,"column":31}},"1":{"start":{"line":2,"column":0},"end":{"line":2,"column":35}},"2":{"start":{"line":3,"column":0},"end":{"line":3,"column":32}}},"fnMap":{},"branchMap":{},"s":{"0":4,"1":4,"2":4},"f":{},"b":{}}
,"C:\\Users\\Isabella\\Documents\\ICESI\\7. Septimo Semestre\\Computacion en Internet III\\TickTopia\\taller-express\\express\\src\\services\\security.service.ts": {"path":"C:\\Users\\Isabella\\Documents\\ICESI\\7. Septimo Semestre\\Computacion en Internet III\\TickTopia\\taller-express\\express\\src\\services\\security.service.ts","statementMap":{"0":{"start":{"line":1,"column":0},"end":{"line":1,"column":30}},"1":{"start":{"line":3,"column":0},"end":{"line":3,"column":31}},"2":{"start":{"line":8,"column":8},"end":{"line":8,"column":47}},"3":{"start":{"line":12,"column":8},"end":{"line":12,"column":80}},"4":{"start":{"line":16,"column":8},"end":{"line":16,"column":63}},"5":{"start":{"line":23,"column":13},"end":{"line":23,"column":53}}},"fnMap":{"0":{"name":"(anonymous_8)","decl":{"start":{"line":7,"column":10},"end":{"line":7,"column":25}},"loc":{"start":{"line":7,"column":43},"end":{"line":9,"column":null}}},"1":{"name":"(anonymous_10)","decl":{"start":{"line":11,"column":10},"end":{"line":11,"column":23}},"loc":{"start":{"line":11,"column":81},"end":{"line":13,"column":null}}},"2":{"name":"(anonymous_12)","decl":{"start":{"line":15,"column":10},"end":{"line":15,"column":26}},"loc":{"start":{"line":15,"column":69},"end":{"line":17,"column":null}}}},"branchMap":{},"s":{"0":4,"1":4,"2":0,"3":0,"4":0,"5":4},"f":{"0":0,"1":0,"2":0},"b":{}}
,"C:\\Users\\Isabella\\Documents\\ICESI\\7. Septimo Semestre\\Computacion en Internet III\\TickTopia\\taller-express\\express\\src\\services\\user.service.ts": {"path":"C:\\Users\\Isabella\\Documents\\ICESI\\7. Septimo Semestre\\Computacion en Internet III\\TickTopia\\taller-express\\express\\src\\services\\user.service.ts","statementMap":{"0":{"start":{"line":1,"column":0},"end":{"line":1,"column":74}},"1":{"start":{"line":5,"column":8},"end":{"line":10,"column":9}},"2":{"start":{"line":6,"column":25},"end":{"line":6,"column":53}},"3":{"start":{"line":7,"column":12},"end":{"line":7,"column":24}},"4":{"start":{"line":9,"column":12},"end":{"line":9,"column":24}},"5":{"start":{"line":14,"column":8},"end":{"line":19,"column":9}},"6":{"start":{"line":15,"column":25},"end":{"line":15,"column":66}},"7":{"start":{"line":16,"column":12},"end":{"line":16,"column":24}},"8":{"start":{"line":18,"column":12},"end":{"line":18,"column":24}},"9":{"start":{"line":23,"column":8},"end":{"line":29,"column":9}},"10":{"start":{"line":24,"column":42},"end":{"line":24,"column":64}},"11":{"start":{"line":25,"column":12},"end":{"line":25,"column":25}},"12":{"start":{"line":27,"column":12},"end":{"line":27,"column":31}},"13":{"start":{"line":28,"column":12},"end":{"line":28,"column":24}},"14":{"start":{"line":33,"column":8},"end":{"line":41,"column":9}},"15":{"start":{"line":34,"column":53},"end":{"line":34,"column":138}},"16":{"start":{"line":35,"column":12},"end":{"line":37,"column":13}},"17":{"start":{"line":36,"column":16},"end":{"line":36,"column":42}},"18":{"start":{"line":38,"column":12},"end":{"line":38,"column":31}},"19":{"start":{"line":40,"column":12},"end":{"line":40,"column":24}},"20":{"start":{"line":45,"column":13},"end":{"line":45,"column":45}}},"fnMap":{"0":{"name":"(anonymous_7)","decl":{"start":{"line":4,"column":10},"end":{"line":4,"column":16}},"loc":{"start":{"line":4,"column":35},"end":{"line":11,"column":null}}},"1":{"name":"(anonymous_9)","decl":{"start":{"line":13,"column":10},"end":{"line":13,"column":21}},"loc":{"start":{"line":13,"column":34},"end":{"line":20,"column":null}}},"2":{"name":"(anonymous_11)","decl":{"start":{"line":22,"column":10},"end":{"line":22,"column":16}},"loc":{"start":{"line":22,"column":16},"end":{"line":30,"column":null}}},"3":{"name":"(anonymous_13)","decl":{"start":{"line":32,"column":10},"end":{"line":32,"column":20}},"loc":{"start":{"line":32,"column":53},"end":{"line":42,"column":null}}}},"branchMap":{"0":{"loc":{"start":{"line":35,"column":12},"end":{"line":37,"column":13}},"type":"if","locations":[{"start":{"line":35,"column":12},"end":{"line":37,"column":13}}]}},"s":{"0":4,"1":0,"2":0,"3":0,"4":0,"5":0,"6":0,"7":0,"8":0,"9":0,"10":0,"11":0,"12":0,"13":0,"14":0,"15":0,"16":0,"17":0,"18":0,"19":0,"20":4},"f":{"0":0,"1":0,"2":0,"3":0},"b":{"0":[0]}}
}
