TN:
SF:src\index.ts
FN:22,(anonymous_1)
FN:23,(anonymous_2)
FN:26,(anonymous_3)
FNF:3
FNH:0
FNDA:0,(anonymous_1)
FNDA:0,(anonymous_2)
FNDA:0,(anonymous_3)
DA:1,2
DA:2,2
DA:3,2
DA:4,2
DA:5,2
DA:9,2
DA:11,2
DA:13,2
DA:14,2
DA:15,2
DA:16,2
DA:17,2
DA:21,2
DA:22,0
DA:23,0
DA:24,0
DA:27,0
DA:30,2
LF:18
LH:14
BRDA:21,0,0,0
BRDA:21,0,1,2
BRF:2
BRH:1
end_of_record
TN:
SF:src\controllers\auth.controller.ts
FN:7,(anonymous_7)
FNF:1
FNH:1
FNDA:4,(anonymous_7)
DA:2,2
DA:14,4
DA:15,4
DA:16,3
DA:17,1
DA:18,1
DA:20,2
DA:22,2
DA:23,1
DA:26,1
DA:29,1
DA:30,1
DA:34,1
DA:37,1
DA:40,1
DA:44,2
LF:16
LH:16
BRDA:16,0,0,1
BRDA:22,1,0,1
BRF:2
BRH:2
end_of_record
TN:
SF:src\controllers\event.controller.ts
FN:7,(anonymous_7)
FN:30,(anonymous_9)
FN:48,(anonymous_11)
FN:59,(anonymous_13)
FN:70,(anonymous_15)
FNF:5
FNH:5
FNDA:9,(anonymous_7)
FNDA:4,(anonymous_9)
FNDA:1,(anonymous_11)
FNDA:2,(anonymous_13)
FNDA:1,(anonymous_15)
DA:2,2
DA:8,9
DA:9,9
DA:11,9
DA:12,5
DA:13,5
DA:17,4
DA:18,1
DA:19,1
DA:22,3
DA:23,1
DA:25,2
DA:31,4
DA:32,4
DA:34,2
DA:35,1
DA:36,1
DA:39,1
DA:40,1
DA:42,2
DA:43,2
DA:49,1
DA:50,1
DA:51,1
DA:52,1
DA:54,0
DA:55,0
DA:60,2
DA:61,2
DA:62,1
DA:63,1
DA:65,1
DA:66,1
DA:71,1
DA:72,1
DA:74,1
DA:75,0
DA:76,0
DA:79,1
DA:80,1
DA:82,0
DA:83,0
DA:90,2
LF:43
LH:37
BRDA:11,0,0,5
BRDA:11,1,0,9
BRDA:11,1,1,8
BRDA:11,1,2,7
BRDA:11,1,3,6
BRDA:17,2,0,1
BRDA:34,3,0,1
BRDA:74,4,0,0
BRF:8
BRH:7
end_of_record
TN:
SF:src\controllers\index.ts
FNF:0
FNH:0
DA:1,2
DA:2,2
DA:3,2
LF:3
LH:3
BRF:0
BRH:0
end_of_record
TN:
SF:src\controllers\user.controller.ts
FN:7,(anonymous_7)
FN:25,(anonymous_9)
FN:36,(anonymous_11)
FN:72,(anonymous_13)
FNF:4
FNH:0
FNDA:0,(anonymous_7)
FNDA:0,(anonymous_9)
FNDA:0,(anonymous_11)
FNDA:0,(anonymous_13)
DA:2,2
DA:8,0
DA:9,0
DA:10,0
DA:11,0
DA:12,0
DA:14,0
DA:15,0
DA:16,0
DA:17,0
DA:20,0
DA:21,0
DA:26,0
DA:27,0
DA:28,0
DA:29,0
DA:31,0
DA:32,0
DA:43,0
DA:44,0
DA:45,0
DA:46,0
DA:47,0
DA:49,0
DA:51,0
DA:52,0
DA:55,0
DA:57,0
DA:58,0
DA:62,0
DA:65,0
DA:68,0
DA:73,0
DA:74,0
DA:75,0
DA:76,0
DA:77,0
DA:78,0
DA:80,0
DA:81,0
DA:83,0
DA:84,0
DA:89,2
LF:43
LH:2
BRDA:10,0,0,0
BRDA:45,1,0,0
BRDA:51,2,0,0
BRDA:76,3,0,0
BRF:4
BRH:0
end_of_record
TN:
SF:src\lib\connectionDB.ts
FN:10,(anonymous_1)
FN:13,(anonymous_2)
FNF:2
FNH:0
FNDA:0,(anonymous_1)
FNDA:0,(anonymous_2)
DA:1,2
DA:4,2
DA:6,2
DA:11,0
DA:14,0
LF:5
LH:3
BRDA:4,0,0,2
BRDA:4,0,1,2
BRDA:7,1,0,2
BRDA:7,1,1,0
BRF:4
BRH:3
end_of_record
TN:
SF:src\models\event.model.ts
FNF:0
FNH:0
DA:1,4
DA:12,4
DA:19,4
LF:3
LH:3
BRF:0
BRH:0
end_of_record
TN:
SF:src\models\index.ts
FNF:0
FNH:0
DA:1,4
DA:2,4
LF:2
LH:2
BRF:0
BRH:0
end_of_record
TN:
SF:src\models\user.model.ts
FNF:0
FNH:0
DA:1,6
DA:15,6
DA:23,6
LF:3
LH:3
BRF:0
BRH:0
end_of_record
TN:
SF:src\routes\auth.route.ts
FNF:0
FNH:0
DA:1,2
DA:2,2
DA:4,2
DA:6,2
LF:4
LH:4
BRF:0
BRH:0
end_of_record
TN:
SF:src\routes\event.route.ts
FNF:0
FNH:0
DA:1,2
DA:2,2
DA:5,2
DA:7,2
DA:8,2
DA:9,2
DA:10,2
DA:11,2
LF:8
LH:8
BRF:0
BRH:0
end_of_record
TN:
SF:src\routes\index.ts
FNF:0
FNH:0
DA:1,2
DA:2,2
LF:2
LH:2
BRF:0
BRH:0
end_of_record
TN:
SF:src\routes\user.route.ts
FNF:0
FNH:0
DA:1,2
DA:2,2
DA:5,2
DA:7,2
DA:8,2
DA:9,2
LF:6
LH:6
BRF:0
BRH:0
end_of_record
TN:
SF:src\services\event.service.ts
FN:5,(anonymous_7)
FN:16,(anonymous_9)
FN:30,(anonymous_11)
FN:42,(anonymous_13)
FN:66,(anonymous_15)
FNF:5
FNH:5
FNDA:3,(anonymous_7)
FNDA:3,(anonymous_9)
FNDA:2,(anonymous_11)
FNDA:3,(anonymous_13)
FNDA:3,(anonymous_15)
DA:1,4
DA:6,3
DA:7,3
DA:8,2
DA:9,2
DA:10,2
DA:12,1
DA:17,3
DA:18,3
DA:19,3
DA:20,1
DA:22,2
DA:23,2
DA:24,2
DA:26,1
DA:31,2
DA:32,2
DA:33,2
DA:34,2
DA:35,2
DA:37,0
DA:38,0
DA:43,3
DA:44,3
DA:50,3
DA:51,1
DA:54,2
DA:56,2
DA:57,2
DA:59,2
DA:61,1
DA:67,3
DA:68,3
DA:69,3
DA:70,1
DA:72,2
DA:73,2
DA:74,2
DA:76,1
DA:81,4
LF:40
LH:38
BRDA:19,0,0,1
BRDA:50,1,0,1
BRDA:69,2,0,1
BRF:3
BRH:3
end_of_record
TN:
SF:src\services\index.ts
FNF:0
FNH:0
DA:1,4
DA:2,4
DA:3,4
LF:3
LH:3
BRF:0
BRH:0
end_of_record
TN:
SF:src\services\security.service.ts
FN:7,(anonymous_8)
FN:11,(anonymous_10)
FN:15,(anonymous_12)
FNF:3
FNH:0
FNDA:0,(anonymous_8)
FNDA:0,(anonymous_10)
FNDA:0,(anonymous_12)
DA:1,4
DA:3,4
DA:8,0
DA:12,0
DA:16,0
DA:23,4
LF:6
LH:3
BRF:0
BRH:0
end_of_record
TN:
SF:src\services\user.service.ts
FN:4,(anonymous_7)
FN:13,(anonymous_9)
FN:22,(anonymous_11)
FN:32,(anonymous_13)
FNF:4
FNH:0
FNDA:0,(anonymous_7)
FNDA:0,(anonymous_9)
FNDA:0,(anonymous_11)
FNDA:0,(anonymous_13)
DA:1,4
DA:5,0
DA:6,0
DA:7,0
DA:9,0
DA:14,0
DA:15,0
DA:16,0
DA:18,0
DA:23,0
DA:24,0
DA:25,0
DA:27,0
DA:28,0
DA:33,0
DA:34,0
DA:35,0
DA:36,0
DA:38,0
DA:40,0
DA:45,4
LF:21
LH:2
BRDA:35,0,0,0
BRF:1
BRH:0
end_of_record
