TN:
SF:src\index.ts
FN:21,(anonymous_1)
FN:22,(anonymous_2)
FN:25,(anonymous_3)
FNF:3
FNH:2
FNDA:2,(anonymous_1)
FNDA:2,(anonymous_2)
FNDA:0,(anonymous_3)
DA:1,2
DA:2,2
DA:3,2
DA:4,2
DA:5,2
DA:9,2
DA:11,2
DA:13,2
DA:14,2
DA:15,2
DA:16,2
DA:17,2
DA:21,2
DA:22,2
DA:23,2
DA:26,0
LF:16
LH:15
BRF:0
BRH:0
end_of_record
TN:
SF:src\controllers\auth.controller.ts
FN:7,(anonymous_7)
FNF:1
FNH:1
FNDA:4,(anonymous_7)
DA:2,2
DA:14,4
DA:15,4
DA:16,3
DA:17,1
DA:18,1
DA:20,2
DA:22,2
DA:23,1
DA:26,1
DA:29,1
DA:30,1
DA:34,1
DA:37,1
DA:40,1
DA:44,2
LF:16
LH:16
BRDA:16,0,0,1
BRDA:22,1,0,1
BRF:2
BRH:2
end_of_record
TN:
SF:src\controllers\event.controller.ts
FN:7,(anonymous_7)
FN:24,(anonymous_9)
FN:33,(anonymous_11)
FN:42,(anonymous_13)
FN:51,(anonymous_15)
FNF:5
FNH:5
FNDA:3,(anonymous_7)
FNDA:2,(anonymous_9)
FNDA:1,(anonymous_11)
FNDA:1,(anonymous_13)
FNDA:1,(anonymous_15)
DA:2,2
DA:8,3
DA:9,3
DA:10,3
DA:11,1
DA:12,1
DA:15,2
DA:16,1
DA:17,1
DA:19,1
DA:20,1
DA:25,2
DA:26,2
DA:27,1
DA:29,1
DA:34,1
DA:35,1
DA:36,1
DA:38,0
DA:43,1
DA:44,1
DA:45,1
DA:47,0
DA:52,1
DA:53,1
DA:54,1
DA:56,0
DA:62,2
LF:28
LH:25
BRDA:10,0,0,1
BRDA:10,1,0,3
BRDA:10,1,1,3
BRDA:10,1,2,3
BRDA:10,1,3,3
BRF:5
BRH:5
end_of_record
TN:
SF:src\controllers\index.ts
FNF:0
FNH:0
DA:1,2
DA:2,2
DA:3,2
LF:3
LH:3
BRF:0
BRH:0
end_of_record
TN:
SF:src\controllers\user.controller.ts
FN:7,(anonymous_7)
FN:25,(anonymous_9)
FN:36,(anonymous_11)
FN:72,(anonymous_13)
FNF:4
FNH:0
FNDA:0,(anonymous_7)
FNDA:0,(anonymous_9)
FNDA:0,(anonymous_11)
FNDA:0,(anonymous_13)
DA:2,2
DA:8,0
DA:9,0
DA:10,0
DA:11,0
DA:12,0
DA:14,0
DA:15,0
DA:16,0
DA:17,0
DA:20,0
DA:21,0
DA:26,0
DA:27,0
DA:28,0
DA:29,0
DA:31,0
DA:32,0
DA:43,0
DA:44,0
DA:45,0
DA:46,0
DA:47,0
DA:49,0
DA:51,0
DA:52,0
DA:55,0
DA:57,0
DA:58,0
DA:62,0
DA:65,0
DA:68,0
DA:73,0
DA:74,0
DA:75,0
DA:76,0
DA:77,0
DA:78,0
DA:80,0
DA:81,0
DA:83,0
DA:84,0
DA:89,2
LF:43
LH:2
BRDA:10,0,0,0
BRDA:45,1,0,0
BRDA:51,2,0,0
BRDA:76,3,0,0
BRF:4
BRH:0
end_of_record
TN:
SF:src\lib\connectionDB.ts
FN:10,(anonymous_1)
FN:13,(anonymous_2)
FNF:2
FNH:0
FNDA:0,(anonymous_1)
FNDA:0,(anonymous_2)
DA:1,2
DA:4,2
DA:6,2
DA:11,0
DA:14,0
LF:5
LH:3
BRDA:4,0,0,2
BRDA:4,0,1,2
BRDA:7,1,0,2
BRDA:7,1,1,0
BRF:4
BRH:3
end_of_record
TN:
SF:src\models\event.model.ts
FNF:0
FNH:0
DA:1,2
DA:12,2
DA:19,2
LF:3
LH:3
BRF:0
BRH:0
end_of_record
TN:
SF:src\models\index.ts
FNF:0
FNH:0
DA:1,2
DA:2,2
LF:2
LH:2
BRF:0
BRH:0
end_of_record
TN:
SF:src\models\user.model.ts
FNF:0
FNH:0
DA:1,4
DA:15,4
DA:23,4
LF:3
LH:3
BRF:0
BRH:0
end_of_record
TN:
SF:src\routes\auth.route.ts
FNF:0
FNH:0
DA:1,2
DA:2,2
DA:4,2
DA:6,2
LF:4
LH:4
BRF:0
BRH:0
end_of_record
TN:
SF:src\routes\event.route.ts
FNF:0
FNH:0
DA:1,2
DA:2,2
DA:5,2
DA:7,2
DA:8,2
DA:9,2
DA:10,2
DA:11,2
LF:8
LH:8
BRF:0
BRH:0
end_of_record
TN:
SF:src\routes\index.ts
FNF:0
FNH:0
DA:1,2
DA:2,2
LF:2
LH:2
BRF:0
BRH:0
end_of_record
TN:
SF:src\routes\user.route.ts
FNF:0
FNH:0
DA:1,2
DA:2,2
DA:5,2
DA:7,2
DA:8,2
DA:9,2
LF:6
LH:6
BRF:0
BRH:0
end_of_record
TN:
SF:src\services\event.service.ts
FN:5,(anonymous_7)
FN:16,(anonymous_9)
FN:30,(anonymous_11)
FN:42,(anonymous_13)
FN:66,(anonymous_15)
FNF:5
FNH:0
FNDA:0,(anonymous_7)
FNDA:0,(anonymous_9)
FNDA:0,(anonymous_11)
FNDA:0,(anonymous_13)
FNDA:0,(anonymous_15)
DA:1,2
DA:6,0
DA:7,0
DA:8,0
DA:9,0
DA:10,0
DA:12,0
DA:17,0
DA:18,0
DA:19,0
DA:20,0
DA:22,0
DA:23,0
DA:24,0
DA:26,0
DA:31,0
DA:32,0
DA:33,0
DA:34,0
DA:35,0
DA:37,0
DA:38,0
DA:43,0
DA:44,0
DA:50,0
DA:51,0
DA:54,0
DA:56,0
DA:57,0
DA:59,0
DA:61,0
DA:67,0
DA:68,0
DA:69,0
DA:70,0
DA:72,0
DA:73,0
DA:74,0
DA:76,0
DA:81,2
LF:40
LH:2
BRDA:19,0,0,0
BRDA:50,1,0,0
BRDA:69,2,0,0
BRF:3
BRH:0
end_of_record
TN:
SF:src\services\index.ts
FNF:0
FNH:0
DA:1,2
DA:2,2
DA:3,2
LF:3
LH:3
BRF:0
BRH:0
end_of_record
TN:
SF:src\services\security.service.ts
FN:7,(anonymous_8)
FN:11,(anonymous_10)
FN:15,(anonymous_12)
FNF:3
FNH:0
FNDA:0,(anonymous_8)
FNDA:0,(anonymous_10)
FNDA:0,(anonymous_12)
DA:1,2
DA:3,2
DA:8,0
DA:12,0
DA:16,0
DA:23,2
LF:6
LH:3
BRF:0
BRH:0
end_of_record
TN:
SF:src\services\user.service.ts
FN:4,(anonymous_7)
FN:13,(anonymous_9)
FN:22,(anonymous_11)
FN:32,(anonymous_13)
FNF:4
FNH:0
FNDA:0,(anonymous_7)
FNDA:0,(anonymous_9)
FNDA:0,(anonymous_11)
FNDA:0,(anonymous_13)
DA:1,2
DA:5,0
DA:6,0
DA:7,0
DA:9,0
DA:14,0
DA:15,0
DA:16,0
DA:18,0
DA:23,0
DA:24,0
DA:25,0
DA:27,0
DA:28,0
DA:33,0
DA:34,0
DA:35,0
DA:36,0
DA:38,0
DA:40,0
DA:45,2
LF:21
LH:2
BRDA:35,0,0,0
BRF:1
BRH:0
end_of_record
